<?xml version="1.0" encoding="UTF-8"?>
<robot generator="Robot 3.2.2 (Python 3.7.3 on win32)" generated="20210112 14:15:41.614" rpa="false">
<suite id="s1" name="TestOpera" source="C:\Git\robotframework\tests\TestOpera.robot">
<test id="s1-t1" name="Caso de Teste 01: Pesquisar produto existente">
<kw name="Abrir Navegador" library="ResourceOpera" type="setup">
<kw name="Open Browser" library="SeleniumLibrary">
<doc>Opens a new browser instance to the optional ``url``.</doc>
<arguments>
<arg>${URL}</arg>
<arg>${BROWSER}</arg>
</arguments>
<msg timestamp="20210112 14:15:41.792" level="INFO">Opening browser 'chrome' to base url 'https://operahc2.famema.br:4576'.</msg>
<status status="PASS" starttime="20210112 14:15:41.792" endtime="20210112 14:15:45.802"></status>
</kw>
<status status="PASS" starttime="20210112 14:15:41.792" endtime="20210112 14:15:45.802"></status>
</kw>
<kw name="Acessar a página de login do site" library="ResourceOpera">
<kw name="Title Should Be" library="SeleniumLibrary">
<doc>Verifies that the current page title equals ``title``.</doc>
<arguments>
<arg>Demanda Cirúrgica by DTI</arg>
</arguments>
<msg timestamp="20210112 14:15:45.807" level="INFO">Page title is 'Demanda Cirúrgica by DTI'.</msg>
<status status="PASS" starttime="20210112 14:15:45.803" endtime="20210112 14:15:45.807"></status>
</kw>
<status status="PASS" starttime="20210112 14:15:45.803" endtime="20210112 14:15:45.807"></status>
</kw>
<kw name="Digitar o usuário admin no campo Usuário" library="ResourceOpera">
<kw name="Input Text" library="SeleniumLibrary">
<doc>Types the given ``text`` into the text field identified by ``locator``.</doc>
<arguments>
<arg>id=username</arg>
<arg>${USUARIO}</arg>
</arguments>
<msg timestamp="20210112 14:15:45.808" level="INFO">Typing text 'admin' into text field 'id=username'.</msg>
<status status="PASS" starttime="20210112 14:15:45.808" endtime="20210112 14:15:45.861"></status>
</kw>
<status status="PASS" starttime="20210112 14:15:45.807" endtime="20210112 14:15:45.861"></status>
</kw>
<kw name="Digitar a senha 123456 no campo Senha" library="ResourceOpera">
<kw name="Input Text" library="SeleniumLibrary">
<doc>Types the given ``text`` into the text field identified by ``locator``.</doc>
<arguments>
<arg>id=password</arg>
<arg>${SENHA}</arg>
</arguments>
<msg timestamp="20210112 14:15:45.862" level="INFO">Typing text '123456' into text field 'id=password'.</msg>
<status status="PASS" starttime="20210112 14:15:45.862" endtime="20210112 14:15:45.934"></status>
</kw>
<status status="PASS" starttime="20210112 14:15:45.861" endtime="20210112 14:15:45.934"></status>
</kw>
<kw name="Clicar no botão entrar" library="ResourceOpera">
<kw name="Click Element" library="SeleniumLibrary">
<doc>Click the element identified by ``locator``.</doc>
<arguments>
<arg>xpath=//*[@id="root"]/div/div/div[1]/div/main/div/form/button</arg>
</arguments>
<msg timestamp="20210112 14:15:45.935" level="INFO">Clicking element 'xpath=//*[@id="root"]/div/div/div[1]/div/main/div/form/button'.</msg>
<status status="PASS" starttime="20210112 14:15:45.935" endtime="20210112 14:15:45.978"></status>
</kw>
<status status="PASS" starttime="20210112 14:15:45.935" endtime="20210112 14:15:45.978"></status>
</kw>
<kw name="Conferir se foi efetuado corretamente o login" library="ResourceOpera">
<kw name="Wait Until Element Is Visible" library="SeleniumLibrary">
<doc>Waits until the element ``locator`` is visible.</doc>
<arguments>
<arg>xpath=//*[@id="goku"]/div/div[1]/a</arg>
</arguments>
<kw name="Capture Page Screenshot" library="SeleniumLibrary">
<doc>Takes a screenshot of the current page and embeds it into a log file.</doc>
<msg timestamp="20210112 14:15:51.348" level="INFO" html="yes">&lt;/td&gt;&lt;/tr&gt;&lt;tr&gt;&lt;td colspan="3"&gt;&lt;a href="selenium-screenshot-3.png"&gt;&lt;img src="selenium-screenshot-3.png" width="800px"&gt;&lt;/a&gt;</msg>
<status status="PASS" starttime="20210112 14:15:51.066" endtime="20210112 14:15:51.348"></status>
</kw>
<msg timestamp="20210112 14:15:51.465" level="FAIL">Element 'xpath=//*[@id="goku"]/div/div[1]/a' not visible after 5 seconds.</msg>
<status status="FAIL" starttime="20210112 14:15:45.979" endtime="20210112 14:15:51.465"></status>
</kw>
<status status="FAIL" starttime="20210112 14:15:45.979" endtime="20210112 14:15:51.465"></status>
</kw>
<kw name="Fechar Navegador" library="ResourceOpera" type="teardown">
<kw name="Close Browser" library="SeleniumLibrary">
<doc>Closes the current browser.</doc>
<status status="PASS" starttime="20210112 14:15:51.467" endtime="20210112 14:15:53.545"></status>
</kw>
<status status="PASS" starttime="20210112 14:15:51.466" endtime="20210112 14:15:53.545"></status>
</kw>
<status status="FAIL" starttime="20210112 14:15:41.791" endtime="20210112 14:15:53.545" critical="yes">Element 'xpath=//*[@id="goku"]/div/div[1]/a' not visible after 5 seconds.</status>
</test>
<status status="FAIL" starttime="20210112 14:15:41.615" endtime="20210112 14:15:53.550"></status>
</suite>
<statistics>
<total>
<stat pass="0" fail="1">Critical Tests</stat>
<stat pass="0" fail="1">All Tests</stat>
</total>
<tag>
</tag>
<suite>
<stat pass="0" fail="1" id="s1" name="TestOpera">TestOpera</stat>
</suite>
</statistics>
<errors>
</errors>
</robot>
