<?xml version="1.0" encoding="UTF-8"?>
<robot generator="Robot 3.2.2 (Python 3.7.3 on win32)" generated="20201223 11:53:00.171" rpa="false">
<suite id="s1" name="TestSitePracticeBDD" source="C:\ProjectsGit\teste-robotframework\tests\TestSitePracticeBDD.robot">
<test id="s1-t1" name="Cenário 01: Pesquisar produto existente">
<kw name="Abrir Navegador" library="Resource" type="setup">
<kw name="Open Browser" library="SeleniumLibrary">
<doc>Opens a new browser instance to the optional ``url``.</doc>
<arguments>
<arg>${URL}</arg>
<arg>${BROWSER}</arg>
</arguments>
<msg timestamp="20201223 11:53:00.348" level="INFO">Opening browser 'chrome' to base url 'http://automationpractice.com'.</msg>
<status status="PASS" starttime="20201223 11:53:00.348" endtime="20201223 11:53:09.987"></status>
</kw>
<status status="PASS" starttime="20201223 11:53:00.348" endtime="20201223 11:53:09.988"></status>
</kw>
<kw name="Dado que estou na página home do site">
<kw name="Acessar a página home do site" library="Resource">
<kw name="Title Should Be" library="SeleniumLibrary">
<doc>Verifies that the current page title equals ``title``.</doc>
<arguments>
<arg>My Store</arg>
</arguments>
<msg timestamp="20201223 11:53:09.994" level="INFO">Page title is 'My Store'.</msg>
<status status="PASS" starttime="20201223 11:53:09.989" endtime="20201223 11:53:09.994"></status>
</kw>
<status status="PASS" starttime="20201223 11:53:09.989" endtime="20201223 11:53:09.994"></status>
</kw>
<status status="PASS" starttime="20201223 11:53:09.988" endtime="20201223 11:53:09.995"></status>
</kw>
<kw name="Quando eu pesquisar pelo produto &quot;Blouse&quot;">
<kw name="Digitar o nome do produto &quot;${PRODUTO}&quot; no campo de pesquisa" library="Resource">
<kw name="Input Text" library="SeleniumLibrary">
<doc>Types the given ``text`` into the text field identified by ``locator``.</doc>
<arguments>
<arg>id=search_query_top</arg>
<arg>${PRODUTO}</arg>
</arguments>
<msg timestamp="20201223 11:53:09.996" level="INFO">Typing text 'Blouse' into text field 'id=search_query_top'.</msg>
<status status="PASS" starttime="20201223 11:53:09.996" endtime="20201223 11:53:10.057"></status>
</kw>
<status status="PASS" starttime="20201223 11:53:09.995" endtime="20201223 11:53:10.058"></status>
</kw>
<kw name="Clicar no botão pesquisar" library="Resource">
<kw name="Click Element" library="SeleniumLibrary">
<doc>Click the element identified by ``locator``.</doc>
<arguments>
<arg>name=submit_search</arg>
</arguments>
<msg timestamp="20201223 11:53:10.058" level="INFO">Clicking element 'name=submit_search'.</msg>
<status status="PASS" starttime="20201223 11:53:10.058" endtime="20201223 11:53:11.194"></status>
</kw>
<status status="PASS" starttime="20201223 11:53:10.058" endtime="20201223 11:53:11.194"></status>
</kw>
<status status="PASS" starttime="20201223 11:53:09.995" endtime="20201223 11:53:11.194"></status>
</kw>
<kw name="Então o produto &quot;Blouse&quot; deve ser listado na página de resultado da busca">
<kw name="Conferir se o produto &quot;${PRODUTO}&quot; foi listado no site" library="Resource">
<kw name="Wait Until Element Is Visible" library="SeleniumLibrary">
<doc>Waits until the element ``locator`` is visible.</doc>
<arguments>
<arg>css=#center_column &gt; h1</arg>
</arguments>
<status status="PASS" starttime="20201223 11:53:11.195" endtime="20201223 11:53:11.213"></status>
</kw>
<kw name="Title Should Be" library="SeleniumLibrary">
<doc>Verifies that the current page title equals ``title``.</doc>
<arguments>
<arg>Search - My Store</arg>
</arguments>
<msg timestamp="20201223 11:53:11.217" level="INFO">Page title is 'Search - My Store'.</msg>
<status status="PASS" starttime="20201223 11:53:11.213" endtime="20201223 11:53:11.217"></status>
</kw>
<kw name="Page Should Contain Image" library="SeleniumLibrary">
<doc>Verifies image identified by ``locator`` is found from current page.</doc>
<arguments>
<arg>xpath=//*[@id="center_column"]//*[@src='http://automationpractice.com/img/p/7/7-home_default.jpg']</arg>
</arguments>
<msg timestamp="20201223 11:53:11.229" level="INFO">Current page contains image 'xpath=//*[@id="center_column"]//*[@src='http://automationpractice.com/img/p/7/7-home_default.jpg']'.</msg>
<status status="PASS" starttime="20201223 11:53:11.217" endtime="20201223 11:53:11.229"></status>
</kw>
<kw name="Page Should Contain" library="SeleniumLibrary">
<doc>Verifies that current page contains ``text``.</doc>
<arguments>
<arg>Link</arg>
<arg>xpath=//*[@id="center_column"]/ul/li/div/div[2]/h5/a</arg>
</arguments>
<msg timestamp="20201223 11:53:11.239" level="INFO">Current page contains text 'Link'.</msg>
<status status="PASS" starttime="20201223 11:53:11.229" endtime="20201223 11:53:11.239"></status>
</kw>
<status status="PASS" starttime="20201223 11:53:11.195" endtime="20201223 11:53:11.239"></status>
</kw>
<status status="PASS" starttime="20201223 11:53:11.195" endtime="20201223 11:53:11.239"></status>
</kw>
<kw name="Fechar Navegador" library="Resource" type="teardown">
<kw name="Close Browser" library="SeleniumLibrary">
<doc>Closes the current browser.</doc>
<status status="PASS" starttime="20201223 11:53:11.240" endtime="20201223 11:53:13.326"></status>
</kw>
<status status="PASS" starttime="20201223 11:53:11.240" endtime="20201223 11:53:13.326"></status>
</kw>
<status status="PASS" starttime="20201223 11:53:00.347" endtime="20201223 11:53:13.327" critical="yes"></status>
</test>
<test id="s1-t2" name="Cenário 02: Pesquisar produto não existente">
<kw name="Abrir Navegador" library="Resource" type="setup">
<kw name="Open Browser" library="SeleniumLibrary">
<doc>Opens a new browser instance to the optional ``url``.</doc>
<arguments>
<arg>${URL}</arg>
<arg>${BROWSER}</arg>
</arguments>
<msg timestamp="20201223 11:53:13.334" level="INFO">Opening browser 'chrome' to base url 'http://automationpractice.com'.</msg>
<status status="PASS" starttime="20201223 11:53:13.333" endtime="20201223 11:53:21.443"></status>
</kw>
<status status="PASS" starttime="20201223 11:53:13.333" endtime="20201223 11:53:21.443"></status>
</kw>
<kw name="Dado que estou na página home do site">
<kw name="Acessar a página home do site" library="Resource">
<kw name="Title Should Be" library="SeleniumLibrary">
<doc>Verifies that the current page title equals ``title``.</doc>
<arguments>
<arg>My Store</arg>
</arguments>
<msg timestamp="20201223 11:53:21.449" level="INFO">Page title is 'My Store'.</msg>
<status status="PASS" starttime="20201223 11:53:21.444" endtime="20201223 11:53:21.449"></status>
</kw>
<status status="PASS" starttime="20201223 11:53:21.444" endtime="20201223 11:53:21.449"></status>
</kw>
<status status="PASS" starttime="20201223 11:53:21.444" endtime="20201223 11:53:21.449"></status>
</kw>
<kw name="Quando eu pesquisar pelo produto &quot;itemNãoExistente&quot;">
<kw name="Digitar o nome do produto &quot;${PRODUTO}&quot; no campo de pesquisa" library="Resource">
<kw name="Input Text" library="SeleniumLibrary">
<doc>Types the given ``text`` into the text field identified by ``locator``.</doc>
<arguments>
<arg>id=search_query_top</arg>
<arg>${PRODUTO}</arg>
</arguments>
<msg timestamp="20201223 11:53:21.451" level="INFO">Typing text 'itemNãoExistente' into text field 'id=search_query_top'.</msg>
<status status="PASS" starttime="20201223 11:53:21.450" endtime="20201223 11:53:21.523"></status>
</kw>
<status status="PASS" starttime="20201223 11:53:21.450" endtime="20201223 11:53:21.523"></status>
</kw>
<kw name="Clicar no botão pesquisar" library="Resource">
<kw name="Click Element" library="SeleniumLibrary">
<doc>Click the element identified by ``locator``.</doc>
<arguments>
<arg>name=submit_search</arg>
</arguments>
<msg timestamp="20201223 11:53:21.523" level="INFO">Clicking element 'name=submit_search'.</msg>
<status status="PASS" starttime="20201223 11:53:21.523" endtime="20201223 11:53:22.735"></status>
</kw>
<status status="PASS" starttime="20201223 11:53:21.523" endtime="20201223 11:53:22.735"></status>
</kw>
<status status="PASS" starttime="20201223 11:53:21.450" endtime="20201223 11:53:22.735"></status>
</kw>
<kw name="Então a página deve exibir a mensagem &quot;No results were found for your search &quot;itemNãoExistente&quot;&quot;">
<kw name="Conferir mensagem de erro &quot;${MENSAGEM_ERRO}&quot;" library="Resource">
<kw name="Wait Until Element Is Visible" library="SeleniumLibrary">
<doc>Waits until the element ``locator`` is visible.</doc>
<arguments>
<arg>xpath=//*[@id="center_column"]/p[@class='alert alert-warning']</arg>
</arguments>
<status status="PASS" starttime="20201223 11:53:22.737" endtime="20201223 11:53:22.755"></status>
</kw>
<kw name="Element Text Should Be" library="SeleniumLibrary">
<doc>Verifies that element ``locator`` contains exact the text ``expected``.</doc>
<arguments>
<arg>xpath=//*[@id="center_column"]/p[@class='alert alert-warning']</arg>
<arg>${MENSAGEM_ERRO}</arg>
</arguments>
<msg timestamp="20201223 11:53:22.756" level="INFO">Verifying element 'xpath=//*[@id="center_column"]/p[@class='alert alert-warning']' contains exact text 'No results were found for your search "itemNãoExistente"'.</msg>
<status status="PASS" starttime="20201223 11:53:22.755" endtime="20201223 11:53:22.770"></status>
</kw>
<status status="PASS" starttime="20201223 11:53:22.736" endtime="20201223 11:53:22.770"></status>
</kw>
<status status="PASS" starttime="20201223 11:53:22.736" endtime="20201223 11:53:22.770"></status>
</kw>
<kw name="Fechar Navegador" library="Resource" type="teardown">
<kw name="Close Browser" library="SeleniumLibrary">
<doc>Closes the current browser.</doc>
<status status="PASS" starttime="20201223 11:53:22.771" endtime="20201223 11:53:24.894"></status>
</kw>
<status status="PASS" starttime="20201223 11:53:22.771" endtime="20201223 11:53:24.894"></status>
</kw>
<status status="PASS" starttime="20201223 11:53:13.332" endtime="20201223 11:53:24.895" critical="yes"></status>
</test>
<status status="PASS" starttime="20201223 11:53:00.172" endtime="20201223 11:53:24.901"></status>
</suite>
<statistics>
<total>
<stat pass="2" fail="0">Critical Tests</stat>
<stat pass="2" fail="0">All Tests</stat>
</total>
<tag>
</tag>
<suite>
<stat pass="2" fail="0" id="s1" name="TestSitePracticeBDD">TestSitePracticeBDD</stat>
</suite>
</statistics>
<errors>
</errors>
</robot>
