<?xml version="1.0" encoding="UTF-8"?>
<robot generator="Robot 3.2.2 (Python 3.7.3 on win32)" generated="20210113 12:03:29.137" rpa="false">
<suite id="s1" name="TestOpera" source="C:\Git\robotframework\tests\TestOpera.robot">
<test id="s1-t1" name="Caso de Teste 02: Parecer Técnico">
<kw name="Abrir Navegador" library="ResourceOpera" type="setup">
<kw name="Open Browser" library="SeleniumLibrary">
<doc>Opens a new browser instance to the optional ``url``.</doc>
<arguments>
<arg>${URL}</arg>
<arg>${BROWSER}</arg>
</arguments>
<msg timestamp="20210113 12:03:29.318" level="INFO">Opening browser 'chrome' to base url 'http://localhost:3000/'.</msg>
<errors>
<msg timestamp="20210113 12:03:35.573" level="ERROR">Execution stopped by user.</msg>
</errors>
</robot>
